2022-02-15 21:39:06,466 INFO o.a.j.u.JMeterUtils: Setting Locale to en_US
2022-02-15 21:39:06,493 INFO o.a.j.JMeter: Loading user properties from: /home/din/Downloads/apache-jmeter-5.4.1/bin/user.properties
2022-02-15 21:39:06,493 INFO o.a.j.JMeter: Loading system properties from: /home/din/Downloads/apache-jmeter-5.4.1/bin/system.properties
2022-02-15 21:39:06,502 INFO o.a.j.JMeter: Copyright (c) 1998-2021 The Apache Software Foundation
2022-02-15 21:39:06,503 INFO o.a.j.JMeter: Version 5.4.1
2022-02-15 21:39:06,503 INFO o.a.j.JMeter: java.version=11.0.11
2022-02-15 21:39:06,503 INFO o.a.j.JMeter: java.vm.name=OpenJDK 64-Bit Server VM
2022-02-15 21:39:06,503 INFO o.a.j.JMeter: os.name=Linux
2022-02-15 21:39:06,503 INFO o.a.j.JMeter: os.arch=amd64
2022-02-15 21:39:06,503 INFO o.a.j.JMeter: os.version=5.4.0-7634-generic
2022-02-15 21:39:06,503 INFO o.a.j.JMeter: file.encoding=UTF-8
2022-02-15 21:39:06,503 INFO o.a.j.JMeter: java.awt.headless=true
2022-02-15 21:39:06,503 INFO o.a.j.JMeter: Max memory     =1828716544
2022-02-15 21:39:06,504 INFO o.a.j.JMeter: Available Processors =8
2022-02-15 21:39:06,512 INFO o.a.j.JMeter: Default Locale=English (United States)
2022-02-15 21:39:06,512 INFO o.a.j.JMeter: JMeter  Locale=English (United States)
2022-02-15 21:39:06,512 INFO o.a.j.JMeter: JMeterHome=/home/din/Downloads/apache-jmeter-5.4.1
2022-02-15 21:39:06,512 INFO o.a.j.JMeter: user.dir  =/home/din/project/skripsi
2022-02-15 21:39:06,513 INFO o.a.j.JMeter: PWD       =/home/din/project/skripsi
2022-02-15 21:39:06,513 INFO o.a.j.JMeter: IP: 127.0.1.1 Name: pop-os FullName: pop-os.localdomain
2022-02-15 21:39:06,518 INFO o.a.j.JMeter: Setting property 'jmeter.reportgenerator.outputdir' to:'/home/din/project/skripsi/result/report/auth-go-1000-l44.jtl'
2022-02-15 21:39:06,524 INFO o.a.j.r.d.ReportGenerator: ReportGenerator will use for Parsing the separator: ','
2022-02-15 21:39:06,524 INFO o.a.j.r.d.ReportGenerator: Will only generate report from results file: result/auth-go-v2/rest/1000/1000-login44
2022-02-15 21:39:06,524 INFO o.a.j.r.d.ReportGenerator: Reading report generator properties from: /home/din/Downloads/apache-jmeter-5.4.1/bin/reportgenerator.properties
2022-02-15 21:39:06,526 INFO o.a.j.r.d.ReportGenerator: Merging with JMeter properties
2022-02-15 21:39:06,532 INFO o.a.j.r.c.ReportGeneratorConfiguration: Property 'jmeter.reportgenerator.temp_dir' not found, using default value 'temp' instead.
2022-02-15 21:39:06,536 INFO o.a.j.r.c.ReportGeneratorConfiguration: Property 'jmeter.reportgenerator.apdex_per_transaction' not found, using default value 'null' instead.
2022-02-15 21:39:06,543 INFO o.a.j.r.c.ReportGeneratorConfiguration: apdex_per_transaction is empty, not APDEX per transaction customization
2022-02-15 21:39:06,543 INFO o.a.j.r.c.ReportGeneratorConfiguration: Property 'jmeter.reportgenerator.sample_filter' not found, using default value 'null' instead.
2022-02-15 21:39:06,543 INFO o.a.j.r.c.ReportGeneratorConfiguration: Property 'jmeter.reportgenerator.report_title' not found, using default value 'null' instead.
2022-02-15 21:39:06,543 INFO o.a.j.r.c.ReportGeneratorConfiguration: Property 'jmeter.reportgenerator.start_date' not found, using default value 'null' instead.
2022-02-15 21:39:06,543 INFO o.a.j.r.c.ReportGeneratorConfiguration: Property 'jmeter.reportgenerator.end_date' not found, using default value 'null' instead.
2022-02-15 21:39:06,543 INFO o.a.j.r.c.ReportGeneratorConfiguration: Property 'jmeter.reportgenerator.date_format' not found, using default value 'null' instead.
2022-02-15 21:39:06,551 INFO o.a.j.r.c.ReportGeneratorConfiguration: Will use date range start date: null, end date: null
2022-02-15 21:39:06,557 INFO o.a.j.r.c.ReportGeneratorConfiguration: Property 'jmeter.reportgenerator.graph.totalTPS.exclude_controllers' not found, using default value 'false' instead.
2022-02-15 21:39:06,557 INFO o.a.j.r.c.ReportGeneratorConfiguration: Property 'jmeter.reportgenerator.graph.activeThreadsOverTime.exclude_controllers' not found, using default value 'false' instead.
2022-02-15 21:39:06,558 INFO o.a.j.r.c.ReportGeneratorConfiguration: Property 'jmeter.reportgenerator.graph.timeVsThreads.exclude_controllers' not found, using default value 'false' instead.
2022-02-15 21:39:06,558 INFO o.a.j.r.c.ReportGeneratorConfiguration: Property 'jmeter.reportgenerator.graph.responseTimeDistribution.exclude_controllers' not found, using default value 'false' instead.
2022-02-15 21:39:06,558 INFO o.a.j.r.c.ReportGeneratorConfiguration: Property 'jmeter.reportgenerator.graph.transactionsPerSecond.exclude_controllers' not found, using default value 'false' instead.
2022-02-15 21:39:06,558 INFO o.a.j.r.c.ReportGeneratorConfiguration: Property 'jmeter.reportgenerator.graph.responseTimePercentiles.exclude_controllers' not found, using default value 'false' instead.
2022-02-15 21:39:06,558 INFO o.a.j.r.c.ReportGeneratorConfiguration: Property 'jmeter.reportgenerator.graph.responseTimePercentilesOverTime.exclude_controllers' not found, using default value 'false' instead.
2022-02-15 21:39:06,559 INFO o.a.j.r.c.ReportGeneratorConfiguration: Property 'jmeter.reportgenerator.graph.responseTimesOverTime.exclude_controllers' not found, using default value 'false' instead.
2022-02-15 21:39:06,559 INFO o.a.j.r.c.ReportGeneratorConfiguration: Property 'jmeter.reportgenerator.graph.connectTimeOverTime.exclude_controllers' not found, using default value 'false' instead.
2022-02-15 21:39:06,559 INFO o.a.j.r.c.ReportGeneratorConfiguration: Property 'jmeter.reportgenerator.graph.latenciesOverTime.exclude_controllers' not found, using default value 'false' instead.
2022-02-15 21:39:06,560 INFO o.a.j.r.c.ReportGeneratorConfiguration: Property 'jmeter.reportgenerator.exporter.json.filters_only_sample_series' not found, using default value 'true' instead.
2022-02-15 21:39:06,561 INFO o.a.j.r.c.ReportGeneratorConfiguration: Property 'jmeter.reportgenerator.exporter.json.series_filter' not found, using default value '' instead.
2022-02-15 21:39:06,561 INFO o.a.j.r.c.ReportGeneratorConfiguration: Property 'jmeter.reportgenerator.exporter.json.show_controllers_only' not found, using default value 'false' instead.
2022-02-15 21:39:06,562 INFO o.a.j.r.c.ReportGeneratorConfiguration: Property 'jmeter.reportgenerator.exporter.html.filters_only_sample_series' not found, using default value 'true' instead.
2022-02-15 21:39:06,562 INFO o.a.j.r.c.ReportGeneratorConfiguration: Property 'jmeter.reportgenerator.exporter.html.series_filter' not found, using default value '' instead.
2022-02-15 21:39:06,562 INFO o.a.j.r.c.ReportGeneratorConfiguration: Property 'jmeter.reportgenerator.exporter.html.show_controllers_only' not found, using default value 'false' instead.
2022-02-15 21:39:06,754 INFO o.a.j.s.SaveService: Testplan (JMX) version: 2.2. Testlog (JTL) version: 2.2
2022-02-15 21:39:06,778 INFO o.a.j.s.SaveService: Using SaveService properties version 5.0
2022-02-15 21:39:06,783 INFO o.a.j.s.SaveService: Using SaveService properties file encoding UTF-8
2022-02-15 21:39:06,820 INFO o.a.j.r.p.NormalizerSampleConsumer: Using format, 'ms', to parse timeStamp field
2022-02-15 21:39:06,997 INFO o.a.j.r.p.AbstractSampleConsumer: class org.apache.jmeter.report.processor.AggregateConsumer#stopProducing(): beginDate produced 0 samples
2022-02-15 21:39:06,997 INFO o.a.j.r.p.AbstractSampleConsumer: class org.apache.jmeter.report.processor.AggregateConsumer#stopProducing(): endDate produced 0 samples
2022-02-15 21:39:07,001 INFO o.a.j.r.p.AbstractSampleConsumer: class org.apache.jmeter.report.processor.ApdexSummaryConsumer#stopProducing(): apdexSummary produced 0 samples
2022-02-15 21:39:07,001 INFO o.a.j.r.p.AbstractSampleConsumer: class org.apache.jmeter.report.processor.RequestsSummaryConsumer#stopProducing(): requestsSummary produced 0 samples
2022-02-15 21:39:07,008 INFO o.a.j.r.p.AbstractSampleConsumer: class org.apache.jmeter.report.processor.StatisticsSummaryConsumer#stopProducing(): statisticsSummary produced 0 samples
2022-02-15 21:39:07,012 INFO o.a.j.r.p.AbstractSampleConsumer: class org.apache.jmeter.report.processor.Top5ErrorsBySamplerConsumer#stopProducing(): top5ErrorsBySampler produced 0 samples
2022-02-15 21:39:07,012 INFO o.a.j.r.p.AbstractSampleConsumer: class org.apache.jmeter.report.processor.ErrorsSummaryConsumer#stopProducing(): errorsSummary produced 0 samples
2022-02-15 21:39:07,013 INFO o.a.j.r.p.AbstractSampleConsumer: class org.apache.jmeter.report.processor.graph.impl.HitsPerSecondGraphConsumer#stopProducing(): hitsPerSecond produced 0 samples
2022-02-15 21:39:07,039 INFO o.a.j.r.p.AbstractSampleConsumer: class org.apache.jmeter.report.processor.graph.impl.LatencyVSRequestGraphConsumer#stopProducing(): latencyVsRequest produced 0 samples
2022-02-15 21:39:07,040 INFO o.a.j.r.p.AbstractSampleConsumer: class org.apache.jmeter.report.processor.graph.impl.SyntheticResponseTimeDistributionGraphConsumer#stopProducing(): syntheticResponseTimeDistribution produced 0 samples
2022-02-15 21:39:07,040 INFO o.a.j.r.p.AbstractSampleConsumer: class org.apache.jmeter.report.processor.graph.impl.BytesThroughputGraphConsumer#stopProducing(): bytesThroughputOverTime produced 0 samples
2022-02-15 21:39:07,041 INFO o.a.j.r.p.AbstractSampleConsumer: class org.apache.jmeter.report.processor.graph.impl.CodesPerSecondGraphConsumer#stopProducing(): codesPerSecond produced 0 samples
2022-02-15 21:39:07,055 INFO o.a.j.r.p.AbstractSampleConsumer: class org.apache.jmeter.report.processor.graph.impl.ResponseTimeVSRequestGraphConsumer#stopProducing(): responseTimeVsRequest produced 0 samples
2022-02-15 21:39:07,056 INFO o.a.j.r.p.AbstractSampleConsumer: class org.apache.jmeter.report.processor.FilterConsumer#stopProducing(): startIntervalControlerFilter produced 7000 samples
2022-02-15 21:39:07,056 INFO o.a.j.r.p.AbstractSampleConsumer: class org.apache.jmeter.report.processor.graph.impl.TotalTPSGraphConsumer#stopProducing(): totalTPS produced 0 samples
2022-02-15 21:39:07,056 INFO o.a.j.r.p.AbstractSampleConsumer: class org.apache.jmeter.report.processor.graph.impl.ActiveThreadsGraphConsumer#stopProducing(): activeThreadsOverTime produced 0 samples
2022-02-15 21:39:07,056 INFO o.a.j.r.p.AbstractSampleConsumer: class org.apache.jmeter.report.processor.graph.impl.TimeVSThreadGraphConsumer#stopProducing(): timeVsThreads produced 0 samples
2022-02-15 21:39:07,059 INFO o.a.j.r.p.AbstractSampleConsumer: class org.apache.jmeter.report.processor.graph.impl.ResponseTimeDistributionGraphConsumer#stopProducing(): responseTimeDistribution produced 0 samples
2022-02-15 21:39:07,060 INFO o.a.j.r.p.AbstractSampleConsumer: class org.apache.jmeter.report.processor.graph.impl.TransactionsPerSecondGraphConsumer#stopProducing(): transactionsPerSecond produced 0 samples
2022-02-15 21:39:07,060 INFO o.a.j.r.p.AbstractSampleConsumer: class org.apache.jmeter.report.processor.graph.impl.ResponseTimePercentilesGraphConsumer#stopProducing(): responseTimePercentiles produced 0 samples
2022-02-15 21:39:07,063 INFO o.a.j.r.p.AbstractSampleConsumer: class org.apache.jmeter.report.processor.graph.impl.ResponseTimePercentilesOverTimeGraphConsumer#stopProducing(): responseTimePercentilesOverTime produced 0 samples
2022-02-15 21:39:07,064 INFO o.a.j.r.p.AbstractSampleConsumer: class org.apache.jmeter.report.processor.graph.impl.ResponseTimeOverTimeGraphConsumer#stopProducing(): responseTimesOverTime produced 0 samples
2022-02-15 21:39:07,065 INFO o.a.j.r.p.AbstractSampleConsumer: class org.apache.jmeter.report.processor.graph.impl.ConnectTimeOverTimeGraphConsumer#stopProducing(): connectTimeOverTime produced 0 samples
2022-02-15 21:39:07,065 INFO o.a.j.r.p.AbstractSampleConsumer: class org.apache.jmeter.report.processor.graph.impl.LatencyOverTimeGraphConsumer#stopProducing(): latenciesOverTime produced 0 samples
2022-02-15 21:39:07,065 INFO o.a.j.r.p.AbstractSampleConsumer: class org.apache.jmeter.report.processor.FilterConsumer#stopProducing(): nameFilter produced 15000 samples
2022-02-15 21:39:07,065 INFO o.a.j.r.p.AbstractSampleConsumer: class org.apache.jmeter.report.processor.FilterConsumer#stopProducing(): dateRangeFilter produced 3000 samples
2022-02-15 21:39:07,065 INFO o.a.j.r.p.AbstractSampleConsumer: class org.apache.jmeter.report.processor.NormalizerSampleConsumer#stopProducing(): normalizer produced 1000 samples
2022-02-15 21:39:07,066 INFO o.a.j.r.p.CsvFileSampleSource: produce(): 1000 samples produced in 218ms on channel 0
2022-02-15 21:39:07,066 INFO o.a.j.r.d.ReportGenerator: Exporting data using exporter:'json' of className:'org.apache.jmeter.report.dashboard.JsonExporter'
2022-02-15 21:39:07,173 INFO o.a.j.r.d.JsonExporter: Found data for consumer statisticsSummary in context
2022-02-15 21:39:07,173 INFO o.a.j.r.d.JsonExporter: Creating statistics for overall
2022-02-15 21:39:07,174 INFO o.a.j.r.d.JsonExporter: Creating statistics for other transactions
2022-02-15 21:39:07,175 INFO o.a.j.r.d.JsonExporter: Checking output folder
2022-02-15 21:39:07,175 INFO o.a.j.r.d.JsonExporter: Writing statistics JSON to /home/din/project/skripsi/result/report/auth-go-1000-l44.jtl/statistics.json
2022-02-15 21:39:07,214 INFO o.a.j.r.d.ReportGenerator: Exporting data using exporter:'html' of className:'org.apache.jmeter.report.dashboard.HtmlTemplateExporter'
2022-02-15 21:39:07,218 INFO o.a.j.r.d.HtmlTemplateExporter: Will generate dashboard in folder: /home/din/project/skripsi/result/report/auth-go-1000-l44.jtl
2022-02-15 21:39:07,367 INFO o.a.j.r.d.HtmlTemplateExporter: Report will be generated in: /home/din/project/skripsi/result/report/auth-go-1000-l44.jtl, creating folder structure
2022-02-15 21:39:07,370 INFO o.a.j.r.d.TemplateVisitor: Copying folder from '/home/din/Downloads/apache-jmeter-5.4.1/bin/report-template' to '/home/din/project/skripsi/result/report/auth-go-1000-l44.jtl', got message: /home/din/project/skripsi/result/report/auth-go-1000-l44.jtl, found non empty folder with following content [/home/din/project/skripsi/result/report/auth-go-1000-l44.jtl/statistics.json], will be ignored
